<?xml version="1.0" encoding="UTF-8"?>
<!-- Generated by org.testng.reporters.JUnitReportReporter -->
<testsuite hostname="Bharadwajs-MacBook-Air.local" failures="0" tests="1" name="TheAppLabb.Appium.AppiumBasics" time="9.386" errors="0" timestamp="2023-03-07T19:20:30 EST" skipped="0">
  <testcase classname="TheAppLabb.Appium.AppiumBasics" name="AppiumTest" time="9.386"/>
  <system-out/>
</testsuite> <!-- TheAppLabb.Appium.AppiumBasics -->
